[-- -- -- -- -- 262 0 0 0 254 254 467 467 7 7 143 143 300 300 138 468 468
 140 140 165 107 107 269 242 242 4 13 510 510 40 40 201 201 51 51 511 389
 389 41 185 109 109 398 398 219]
(75,)
0 1
1 2
2 3
3 4
4 5
5 6
6 7
7 8
8 9
9 10
10 11
11 12
12 13
13 14
14 15
15 16
16 17
17 18
18 20
19 21
20 23
21 24
22 26
23 28
24 30
25 32
26 35
27 37
28 40
29 43
30 46
31 49
32 53
33 57
34 61
35 65
36 70
37 75
38 81
39 86
40 93
41 100
42 107
43 114
44 123
45 132
46 141
47 151
48 162
49 174
50 187
51 200
52 215
53 231
54 247
55 265
56 284
57 305
58 327
59 351
60 376
61 403
62 432
63 464
64 497
65 533
66 572
67 613
68 657
69 705
70 756
71 811
72 869
73 932
74 1000
Saving results
